
*** Running vivado
    with args -log top_block.vds -m64 -product Vivado -mode batch -messageDb vivado.pb -notrace -source top_block.tcl


****** Vivado v2019.1 (64-bit)
  **** SW Build 2552052 on Fri May 24 14:47:09 MDT 2019
  **** IP Build 2548770 on Fri May 24 18:01:18 MDT 2019
    ** Copyright 1986-2019 Xilinx, Inc. All Rights Reserved.

source top_block.tcl -notrace
Command: synth_design -top top_block -part xc7z010clg400-1
Starting synth_design
Attempting to get a license for feature 'Synthesis' and/or device 'xc7z010'
INFO: [Common 17-349] Got license for feature 'Synthesis' and/or device 'xc7z010'
INFO: Launching helper process for spawning children vivado processes
INFO: Helper process launched with PID 2808 
---------------------------------------------------------------------------------
Starting Synthesize : Time (s): cpu = 00:00:03 ; elapsed = 00:00:04 . Memory (MB): peak = 1531.320 ; gain = 166.527 ; free physical = 116 ; free virtual = 2366
---------------------------------------------------------------------------------
INFO: [Synth 8-638] synthesizing module 'top_block' [/home/bjorn/Desktop/Lekekasse/selection_sort_hw/selection_sort_hw.srcs/sources_1/new/top_block.vhd:45]
	Parameter MAX bound to: 5 - type: integer 
INFO: [Synth 8-3491] module 'counter_block' declared at '/home/bjorn/Desktop/Lekekasse/selection_sort_hw/selection_sort_hw.srcs/sources_1/new/counter_block.vhd:34' bound to instance 'current_index_ctr' of component 'counter_block' [/home/bjorn/Desktop/Lekekasse/selection_sort_hw/selection_sort_hw.srcs/sources_1/new/top_block.vhd:139]
INFO: [Synth 8-638] synthesizing module 'counter_block' [/home/bjorn/Desktop/Lekekasse/selection_sort_hw/selection_sort_hw.srcs/sources_1/new/counter_block.vhd:47]
	Parameter MAX bound to: 5 - type: integer 
INFO: [Synth 8-256] done synthesizing module 'counter_block' (1#1) [/home/bjorn/Desktop/Lekekasse/selection_sort_hw/selection_sort_hw.srcs/sources_1/new/counter_block.vhd:47]
	Parameter MAX bound to: 5 - type: integer 
INFO: [Synth 8-3491] module 'counter_block' declared at '/home/bjorn/Desktop/Lekekasse/selection_sort_hw/selection_sort_hw.srcs/sources_1/new/counter_block.vhd:34' bound to instance 'tmp_index_ctr' of component 'counter_block' [/home/bjorn/Desktop/Lekekasse/selection_sort_hw/selection_sort_hw.srcs/sources_1/new/top_block.vhd:150]
	Parameter width bound to: 5 - type: integer 
INFO: [Synth 8-3491] module 'mux_block' declared at '/home/bjorn/Desktop/Lekekasse/selection_sort_hw/selection_sort_hw.srcs/sources_1/new/mux_block.vhd:34' bound to instance 'addr_mux' of component 'mux_block' [/home/bjorn/Desktop/Lekekasse/selection_sort_hw/selection_sort_hw.srcs/sources_1/new/top_block.vhd:161]
INFO: [Synth 8-638] synthesizing module 'mux_block' [/home/bjorn/Desktop/Lekekasse/selection_sort_hw/selection_sort_hw.srcs/sources_1/new/mux_block.vhd:46]
	Parameter width bound to: 5 - type: integer 
INFO: [Synth 8-256] done synthesizing module 'mux_block' (2#1) [/home/bjorn/Desktop/Lekekasse/selection_sort_hw/selection_sort_hw.srcs/sources_1/new/mux_block.vhd:46]
	Parameter width bound to: 8 - type: integer 
INFO: [Synth 8-3491] module 'mux_block' declared at '/home/bjorn/Desktop/Lekekasse/selection_sort_hw/selection_sort_hw.srcs/sources_1/new/mux_block.vhd:34' bound to instance 'value_mux' of component 'mux_block' [/home/bjorn/Desktop/Lekekasse/selection_sort_hw/selection_sort_hw.srcs/sources_1/new/top_block.vhd:171]
INFO: [Synth 8-638] synthesizing module 'mux_block__parameterized1' [/home/bjorn/Desktop/Lekekasse/selection_sort_hw/selection_sort_hw.srcs/sources_1/new/mux_block.vhd:46]
	Parameter width bound to: 8 - type: integer 
INFO: [Synth 8-256] done synthesizing module 'mux_block__parameterized1' (2#1) [/home/bjorn/Desktop/Lekekasse/selection_sort_hw/selection_sort_hw.srcs/sources_1/new/mux_block.vhd:46]
INFO: [Synth 8-3491] module 'single_port_ram' declared at '/home/bjorn/Desktop/Lekekasse/selection_sort_hw/selection_sort_hw.srcs/sources_1/new/ram_block.vhd:24' bound to instance 'ram' of component 'single_port_ram' [/home/bjorn/Desktop/Lekekasse/selection_sort_hw/selection_sort_hw.srcs/sources_1/new/top_block.vhd:181]
INFO: [Synth 8-638] synthesizing module 'single_port_ram' [/home/bjorn/Desktop/Lekekasse/selection_sort_hw/selection_sort_hw.srcs/sources_1/new/ram_block.vhd:41]
	Parameter addr_width bound to: 5 - type: integer 
	Parameter data_width bound to: 8 - type: integer 
INFO: [Synth 8-256] done synthesizing module 'single_port_ram' (3#1) [/home/bjorn/Desktop/Lekekasse/selection_sort_hw/selection_sort_hw.srcs/sources_1/new/ram_block.vhd:41]
	Parameter width bound to: 8 - type: integer 
INFO: [Synth 8-3491] module 'register_block' declared at '/home/bjorn/Desktop/Lekekasse/selection_sort_hw/selection_sort_hw.srcs/sources_1/new/register_block.vhd:34' bound to instance 'smallest_val_reg' of component 'register_block' [/home/bjorn/Desktop/Lekekasse/selection_sort_hw/selection_sort_hw.srcs/sources_1/new/top_block.vhd:190]
INFO: [Synth 8-638] synthesizing module 'register_block' [/home/bjorn/Desktop/Lekekasse/selection_sort_hw/selection_sort_hw.srcs/sources_1/new/register_block.vhd:45]
	Parameter width bound to: 8 - type: integer 
INFO: [Synth 8-256] done synthesizing module 'register_block' (4#1) [/home/bjorn/Desktop/Lekekasse/selection_sort_hw/selection_sort_hw.srcs/sources_1/new/register_block.vhd:45]
	Parameter width bound to: 8 - type: integer 
INFO: [Synth 8-3491] module 'register_block' declared at '/home/bjorn/Desktop/Lekekasse/selection_sort_hw/selection_sort_hw.srcs/sources_1/new/register_block.vhd:34' bound to instance 'current_val_reg' of component 'register_block' [/home/bjorn/Desktop/Lekekasse/selection_sort_hw/selection_sort_hw.srcs/sources_1/new/top_block.vhd:199]
	Parameter width bound to: 5 - type: integer 
INFO: [Synth 8-3491] module 'register_block' declared at '/home/bjorn/Desktop/Lekekasse/selection_sort_hw/selection_sort_hw.srcs/sources_1/new/register_block.vhd:34' bound to instance 'smallest_index_reg' of component 'register_block' [/home/bjorn/Desktop/Lekekasse/selection_sort_hw/selection_sort_hw.srcs/sources_1/new/top_block.vhd:208]
INFO: [Synth 8-638] synthesizing module 'register_block__parameterized2' [/home/bjorn/Desktop/Lekekasse/selection_sort_hw/selection_sort_hw.srcs/sources_1/new/register_block.vhd:45]
	Parameter width bound to: 5 - type: integer 
INFO: [Synth 8-256] done synthesizing module 'register_block__parameterized2' (4#1) [/home/bjorn/Desktop/Lekekasse/selection_sort_hw/selection_sort_hw.srcs/sources_1/new/register_block.vhd:45]
INFO: [Synth 8-3491] module 'comparator_block' declared at '/home/bjorn/Desktop/Lekekasse/selection_sort_hw/selection_sort_hw.srcs/sources_1/new/comparator_block.vhd:33' bound to instance 'comparator' of component 'comparator_block' [/home/bjorn/Desktop/Lekekasse/selection_sort_hw/selection_sort_hw.srcs/sources_1/new/top_block.vhd:218]
INFO: [Synth 8-638] synthesizing module 'comparator_block' [/home/bjorn/Desktop/Lekekasse/selection_sort_hw/selection_sort_hw.srcs/sources_1/new/comparator_block.vhd:42]
	Parameter M bound to: 8 - type: integer 
INFO: [Synth 8-256] done synthesizing module 'comparator_block' (5#1) [/home/bjorn/Desktop/Lekekasse/selection_sort_hw/selection_sort_hw.srcs/sources_1/new/comparator_block.vhd:42]
INFO: [Synth 8-256] done synthesizing module 'top_block' (6#1) [/home/bjorn/Desktop/Lekekasse/selection_sort_hw/selection_sort_hw.srcs/sources_1/new/top_block.vhd:45]
---------------------------------------------------------------------------------
Finished Synthesize : Time (s): cpu = 00:00:04 ; elapsed = 00:00:06 . Memory (MB): peak = 1586.070 ; gain = 221.277 ; free physical = 201 ; free virtual = 2389
---------------------------------------------------------------------------------
---------------------------------------------------------------------------------
Finished Constraint Validation : Time (s): cpu = 00:00:05 ; elapsed = 00:00:06 . Memory (MB): peak = 1589.039 ; gain = 224.246 ; free physical = 200 ; free virtual = 2388
---------------------------------------------------------------------------------
---------------------------------------------------------------------------------
Start Loading Part and Timing Information
---------------------------------------------------------------------------------
Loading part: xc7z010clg400-1
---------------------------------------------------------------------------------
Finished Loading Part and Timing Information : Time (s): cpu = 00:00:05 ; elapsed = 00:00:06 . Memory (MB): peak = 1597.043 ; gain = 232.250 ; free physical = 200 ; free virtual = 2388
---------------------------------------------------------------------------------
INFO: [Device 21-403] Loading part xc7z010clg400-1
INFO: [Synth 8-802] inferred FSM for state register 'prest_reg' in module 'top_block'
---------------------------------------------------------------------------------------------------
                   State |                     New Encoding |                Previous Encoding 
---------------------------------------------------------------------------------------------------
                      s0 |                          0000001 |                              000
                      s1 |                          0000010 |                              001
                      s2 |                          0000100 |                              010
                      s4 |                          0001000 |                              100
                      s5 |                          0010000 |                              101
                      s6 |                          0100000 |                              110
                      s3 |                          1000000 |                              011
---------------------------------------------------------------------------------------------------
INFO: [Synth 8-3354] encoded FSM with state register 'prest_reg' using encoding 'one-hot' in module 'top_block'
WARNING: [Synth 8-327] inferring latch for variable 'addr_mux_sel_reg' [/home/bjorn/Desktop/Lekekasse/selection_sort_hw/selection_sort_hw.srcs/sources_1/new/top_block.vhd:167]
---------------------------------------------------------------------------------
Finished RTL Optimization Phase 2 : Time (s): cpu = 00:00:05 ; elapsed = 00:00:06 . Memory (MB): peak = 1605.949 ; gain = 241.156 ; free physical = 150 ; free virtual = 2349
---------------------------------------------------------------------------------

Report RTL Partitions: 
+-+--------------+------------+----------+
| |RTL Partition |Replication |Instances |
+-+--------------+------------+----------+
+-+--------------+------------+----------+
No constraint files found.
---------------------------------------------------------------------------------
Start RTL Component Statistics 
---------------------------------------------------------------------------------
Detailed RTL Component Info : 
+---Adders : 
	   2 Input      5 Bit       Adders := 2     
+---Registers : 
	                8 Bit    Registers := 34    
	                5 Bit    Registers := 4     
	                1 Bit    Registers := 2     
+---Muxes : 
	   4 Input      8 Bit        Muxes := 1     
	   7 Input      7 Bit        Muxes := 1     
	   2 Input      7 Bit        Muxes := 2     
	   2 Input      5 Bit        Muxes := 4     
	   4 Input      5 Bit        Muxes := 1     
	   7 Input      2 Bit        Muxes := 1     
	   2 Input      1 Bit        Muxes := 38    
	   7 Input      1 Bit        Muxes := 3     
---------------------------------------------------------------------------------
Finished RTL Component Statistics 
---------------------------------------------------------------------------------
---------------------------------------------------------------------------------
Start RTL Hierarchical Component Statistics 
---------------------------------------------------------------------------------
Hierarchical RTL Component report 
Module top_block 
Detailed RTL Component Info : 
+---Muxes : 
	   7 Input      7 Bit        Muxes := 1     
	   2 Input      7 Bit        Muxes := 2     
	   7 Input      2 Bit        Muxes := 1     
	   7 Input      1 Bit        Muxes := 3     
Module counter_block 
Detailed RTL Component Info : 
+---Adders : 
	   2 Input      5 Bit       Adders := 1     
+---Registers : 
	                5 Bit    Registers := 1     
	                1 Bit    Registers := 1     
+---Muxes : 
	   2 Input      5 Bit        Muxes := 2     
	   2 Input      1 Bit        Muxes := 3     
Module mux_block 
Detailed RTL Component Info : 
+---Muxes : 
	   4 Input      5 Bit        Muxes := 1     
Module mux_block__parameterized1 
Detailed RTL Component Info : 
+---Muxes : 
	   4 Input      8 Bit        Muxes := 1     
Module single_port_ram 
Detailed RTL Component Info : 
+---Registers : 
	                8 Bit    Registers := 32    
	                5 Bit    Registers := 1     
+---Muxes : 
	   2 Input      1 Bit        Muxes := 32    
Module register_block 
Detailed RTL Component Info : 
+---Registers : 
	                8 Bit    Registers := 1     
Module register_block__parameterized2 
Detailed RTL Component Info : 
+---Registers : 
	                5 Bit    Registers := 1     
---------------------------------------------------------------------------------
Finished RTL Hierarchical Component Statistics
---------------------------------------------------------------------------------
---------------------------------------------------------------------------------
Start Part Resource Summary
---------------------------------------------------------------------------------
Part Resources:
DSPs: 80 (col length:40)
BRAMs: 120 (col length: RAMB18 40 RAMB36 20)
---------------------------------------------------------------------------------
Finished Part Resource Summary
---------------------------------------------------------------------------------
No constraint files found.
---------------------------------------------------------------------------------
Start Cross Boundary and Area Optimization
---------------------------------------------------------------------------------
Warning: Parallel synthesis criteria is not met 
WARNING: [Synth 8-3332] Sequential element (FSM_onehot_prest_reg[6]) is unused and will be removed from module top_block.
WARNING: [Synth 8-3332] Sequential element (FSM_onehot_prest_reg[5]) is unused and will be removed from module top_block.
WARNING: [Synth 8-3332] Sequential element (FSM_onehot_prest_reg[4]) is unused and will be removed from module top_block.
WARNING: [Synth 8-3332] Sequential element (FSM_onehot_prest_reg[3]) is unused and will be removed from module top_block.
WARNING: [Synth 8-3332] Sequential element (FSM_onehot_prest_reg[2]) is unused and will be removed from module top_block.
WARNING: [Synth 8-3332] Sequential element (FSM_onehot_prest_reg[1]) is unused and will be removed from module top_block.
WARNING: [Synth 8-3332] Sequential element (FSM_onehot_prest_reg[0]) is unused and will be removed from module top_block.
WARNING: [Synth 8-3332] Sequential element (addr_mux_sel_reg[1]) is unused and will be removed from module top_block.
WARNING: [Synth 8-3332] Sequential element (addr_mux_sel_reg[0]) is unused and will be removed from module top_block.
---------------------------------------------------------------------------------
Finished Cross Boundary and Area Optimization : Time (s): cpu = 00:00:08 ; elapsed = 00:00:10 . Memory (MB): peak = 1714.262 ; gain = 349.469 ; free physical = 122 ; free virtual = 2193
---------------------------------------------------------------------------------

Report RTL Partitions: 
+-+--------------+------------+----------+
| |RTL Partition |Replication |Instances |
+-+--------------+------------+----------+
+-+--------------+------------+----------+
No constraint files found.
---------------------------------------------------------------------------------
Start Timing Optimization
---------------------------------------------------------------------------------
---------------------------------------------------------------------------------
Finished Timing Optimization : Time (s): cpu = 00:00:08 ; elapsed = 00:00:10 . Memory (MB): peak = 1714.262 ; gain = 349.469 ; free physical = 123 ; free virtual = 2190
---------------------------------------------------------------------------------

Report RTL Partitions: 
+-+--------------+------------+----------+
| |RTL Partition |Replication |Instances |
+-+--------------+------------+----------+
+-+--------------+------------+----------+
---------------------------------------------------------------------------------
Start Technology Mapping
---------------------------------------------------------------------------------
---------------------------------------------------------------------------------
Finished Technology Mapping : Time (s): cpu = 00:00:08 ; elapsed = 00:00:10 . Memory (MB): peak = 1714.262 ; gain = 349.469 ; free physical = 122 ; free virtual = 2190
---------------------------------------------------------------------------------

Report RTL Partitions: 
+-+--------------+------------+----------+
| |RTL Partition |Replication |Instances |
+-+--------------+------------+----------+
+-+--------------+------------+----------+
---------------------------------------------------------------------------------
Start IO Insertion
---------------------------------------------------------------------------------
---------------------------------------------------------------------------------
Start Flattening Before IO Insertion
---------------------------------------------------------------------------------
---------------------------------------------------------------------------------
Finished Flattening Before IO Insertion
---------------------------------------------------------------------------------
---------------------------------------------------------------------------------
Start Final Netlist Cleanup
---------------------------------------------------------------------------------
---------------------------------------------------------------------------------
Finished Final Netlist Cleanup
---------------------------------------------------------------------------------
---------------------------------------------------------------------------------
Finished IO Insertion : Time (s): cpu = 00:00:10 ; elapsed = 00:00:12 . Memory (MB): peak = 1714.262 ; gain = 349.469 ; free physical = 138 ; free virtual = 2192
---------------------------------------------------------------------------------

Report Check Netlist: 
+------+------------------+-------+---------+-------+------------------+
|      |Item              |Errors |Warnings |Status |Description       |
+------+------------------+-------+---------+-------+------------------+
|1     |multi_driven_nets |      0|        0|Passed |Multi driven nets |
+------+------------------+-------+---------+-------+------------------+
---------------------------------------------------------------------------------
Start Renaming Generated Instances
---------------------------------------------------------------------------------
---------------------------------------------------------------------------------
Finished Renaming Generated Instances : Time (s): cpu = 00:00:10 ; elapsed = 00:00:12 . Memory (MB): peak = 1714.262 ; gain = 349.469 ; free physical = 138 ; free virtual = 2193
---------------------------------------------------------------------------------

Report RTL Partitions: 
+-+--------------+------------+----------+
| |RTL Partition |Replication |Instances |
+-+--------------+------------+----------+
+-+--------------+------------+----------+
---------------------------------------------------------------------------------
Start Rebuilding User Hierarchy
---------------------------------------------------------------------------------
---------------------------------------------------------------------------------
Finished Rebuilding User Hierarchy : Time (s): cpu = 00:00:10 ; elapsed = 00:00:12 . Memory (MB): peak = 1714.262 ; gain = 349.469 ; free physical = 138 ; free virtual = 2193
---------------------------------------------------------------------------------
---------------------------------------------------------------------------------
Start Renaming Generated Ports
---------------------------------------------------------------------------------
---------------------------------------------------------------------------------
Finished Renaming Generated Ports : Time (s): cpu = 00:00:10 ; elapsed = 00:00:12 . Memory (MB): peak = 1714.262 ; gain = 349.469 ; free physical = 138 ; free virtual = 2193
---------------------------------------------------------------------------------
---------------------------------------------------------------------------------
Start Handling Custom Attributes
---------------------------------------------------------------------------------
---------------------------------------------------------------------------------
Finished Handling Custom Attributes : Time (s): cpu = 00:00:10 ; elapsed = 00:00:12 . Memory (MB): peak = 1714.262 ; gain = 349.469 ; free physical = 138 ; free virtual = 2193
---------------------------------------------------------------------------------
---------------------------------------------------------------------------------
Start Renaming Generated Nets
---------------------------------------------------------------------------------
---------------------------------------------------------------------------------
Finished Renaming Generated Nets : Time (s): cpu = 00:00:10 ; elapsed = 00:00:12 . Memory (MB): peak = 1714.262 ; gain = 349.469 ; free physical = 138 ; free virtual = 2193
---------------------------------------------------------------------------------
---------------------------------------------------------------------------------
Start Writing Synthesis Report
---------------------------------------------------------------------------------

Report BlackBoxes: 
+-+--------------+----------+
| |BlackBox name |Instances |
+-+--------------+----------+
+-+--------------+----------+

Report Cell Usage: 
+-+-----+------+
| |Cell |Count |
+-+-----+------+
+-+-----+------+

Report Instance Areas: 
+------+---------+-------+------+
|      |Instance |Module |Cells |
+------+---------+-------+------+
|1     |top      |       |     0|
+------+---------+-------+------+
---------------------------------------------------------------------------------
Finished Writing Synthesis Report : Time (s): cpu = 00:00:10 ; elapsed = 00:00:12 . Memory (MB): peak = 1714.262 ; gain = 349.469 ; free physical = 137 ; free virtual = 2193
---------------------------------------------------------------------------------
Synthesis finished with 0 errors, 0 critical warnings and 10 warnings.
Synthesis Optimization Runtime : Time (s): cpu = 00:00:10 ; elapsed = 00:00:12 . Memory (MB): peak = 1714.262 ; gain = 349.469 ; free physical = 136 ; free virtual = 2193
Synthesis Optimization Complete : Time (s): cpu = 00:00:10 ; elapsed = 00:00:12 . Memory (MB): peak = 1714.270 ; gain = 349.469 ; free physical = 132 ; free virtual = 2193
INFO: [Project 1-571] Translating synthesized netlist
INFO: [Project 1-570] Preparing netlist for logic optimization
INFO: [Opt 31-138] Pushed 0 inverter(s) to 0 load pin(s).
Netlist sorting complete. Time (s): cpu = 00:00:00 ; elapsed = 00:00:00 . Memory (MB): peak = 1797.887 ; gain = 0.000 ; free physical = 120 ; free virtual = 2125
INFO: [Project 1-111] Unisim Transformation Summary:
No Unisim elements were transformed.

INFO: [Common 17-83] Releasing license: Synthesis
34 Infos, 10 Warnings, 0 Critical Warnings and 0 Errors encountered.
synth_design completed successfully
synth_design: Time (s): cpu = 00:00:13 ; elapsed = 00:00:14 . Memory (MB): peak = 1797.887 ; gain = 442.098 ; free physical = 217 ; free virtual = 2223
Netlist sorting complete. Time (s): cpu = 00:00:00 ; elapsed = 00:00:00 . Memory (MB): peak = 1797.887 ; gain = 0.000 ; free physical = 215 ; free virtual = 2223
WARNING: [Constraints 18-5210] No constraints selected for write.
Resolution: This message can indicate that there are no constraints for the design, or it can indicate that the used_in flags are set such that the constraints are ignored. This later case is used when running synth_design to not write synthesis constraints to the resulting checkpoint. Instead, project constraints are read when the synthesized design is opened.
INFO: [Common 17-1381] The checkpoint '/home/bjorn/Desktop/Lekekasse/selection_sort_hw/selection_sort_hw.runs/synth_1/top_block.dcp' has been generated.
INFO: [runtcl-4] Executing : report_utilization -file top_block_utilization_synth.rpt -pb top_block_utilization_synth.pb
INFO: [Common 17-206] Exiting Vivado at Sun Sep  6 10:28:20 2020...
