21:14:09 INFO  : Registering command handlers for SDK TCF services
21:14:11 INFO  : Launching XSCT server: xsct -n -interactive /home/bjorn/Desktop/Lekekasse/Array_Sorting/bubble_sort_sw/temp_xsdb_launch_script.tcl
21:14:15 INFO  : XSCT server has started successfully.
21:14:16 INFO  : Successfully done setting XSCT server connection channel  
21:14:16 INFO  : Successfully done setting SDK workspace  
21:14:16 INFO  : Processing command line option -hwspec /home/bjorn/Desktop/Lekekasse/project_2/project_2.sdk/design_1_wrapper.hdf.
21:19:27 INFO  : Connected to target on host '127.0.0.1' and port '3121'.
21:19:27 INFO  : 'targets -set -filter {jtag_cable_name =~ "Digilent Zybo 210279A42E56A" && level==0} -index 1' command is executed.
21:19:28 INFO  : FPGA configured successfully with bitstream "/home/bjorn/Desktop/Lekekasse/Array_Sorting/bubble_sort_sw/design_1_wrapper_hw_platform_0/design_1_wrapper.bit"
21:20:31 INFO  : 'targets -set -filter {jtag_cable_name =~ "Digilent Zybo 210279A42E56A" && level==0} -index 1' command is executed.
21:20:31 INFO  : 'fpga -state' command is executed.
21:20:31 INFO  : Connected to target on host '127.0.0.1' and port '3121'.
21:20:31 INFO  : Jtag cable 'Digilent Zybo 210279A42E56A' is selected.
21:20:31 INFO  : 'jtag frequency' command is executed.
21:20:31 INFO  : Sourcing of '/home/bjorn/Desktop/Lekekasse/Array_Sorting/bubble_sort_sw/design_1_wrapper_hw_platform_0/ps7_init.tcl' is done.
21:20:31 INFO  : Context for 'APU' is selected.
21:20:31 INFO  : Hardware design information is loaded from '/home/bjorn/Desktop/Lekekasse/Array_Sorting/bubble_sort_sw/design_1_wrapper_hw_platform_0/system.hdf'.
21:20:31 INFO  : 'configparams force-mem-access 1' command is executed.
21:20:31 INFO  : Context for 'APU' is selected.
21:20:31 INFO  : 'stop' command is executed.
21:20:31 INFO  : 'ps7_init' command is executed.
21:20:31 INFO  : 'ps7_post_config' command is executed.
21:20:31 INFO  : Context for processor 'ps7_cortexa9_0' is selected.
21:20:31 INFO  : Processor reset is completed for 'ps7_cortexa9_0'.
21:20:31 INFO  : Context for processor 'ps7_cortexa9_0' is selected.
21:20:32 INFO  : The application '/home/bjorn/Desktop/Lekekasse/Array_Sorting/bubble_sort_sw/bubble_sort_sw/Debug/bubble_sort_sw.elf' is downloaded to processor 'ps7_cortexa9_0'.
21:20:32 INFO  : 'configparams force-mem-access 0' command is executed.
21:20:32 INFO  : ----------------XSDB Script----------------
connect -url tcp:127.0.0.1:3121
source /home/bjorn/Desktop/Lekekasse/Array_Sorting/bubble_sort_sw/design_1_wrapper_hw_platform_0/ps7_init.tcl
targets -set -nocase -filter {name =~"APU*" && jtag_cable_name =~ "Digilent Zybo 210279A42E56A"} -index 0
loadhw -hw /home/bjorn/Desktop/Lekekasse/Array_Sorting/bubble_sort_sw/design_1_wrapper_hw_platform_0/system.hdf -mem-ranges [list {0x40000000 0xbfffffff}]
configparams force-mem-access 1
targets -set -nocase -filter {name =~"APU*" && jtag_cable_name =~ "Digilent Zybo 210279A42E56A"} -index 0
stop
ps7_init
ps7_post_config
targets -set -nocase -filter {name =~ "ARM*#0" && jtag_cable_name =~ "Digilent Zybo 210279A42E56A"} -index 0
rst -processor
targets -set -nocase -filter {name =~ "ARM*#0" && jtag_cable_name =~ "Digilent Zybo 210279A42E56A"} -index 0
dow /home/bjorn/Desktop/Lekekasse/Array_Sorting/bubble_sort_sw/bubble_sort_sw/Debug/bubble_sort_sw.elf
configparams force-mem-access 0
----------------End of Script----------------

21:20:32 INFO  : Memory regions updated for context APU
21:20:32 INFO  : Context for processor 'ps7_cortexa9_0' is selected.
21:20:32 INFO  : 'con' command is executed.
21:20:32 INFO  : ----------------XSDB Script (After Launch)----------------
targets -set -nocase -filter {name =~ "ARM*#0" && jtag_cable_name =~ "Digilent Zybo 210279A42E56A"} -index 0
con
----------------End of Script----------------

21:20:32 INFO  : Launch script is exported to file '/home/bjorn/Desktop/Lekekasse/Array_Sorting/bubble_sort_sw/.sdk/launch_scripts/xilinx_c-c++_application_(system_debugger)/system_debugger_using_debug_bubble_sort_sw.elf_on_local.tcl'
